[11-Apr-2018 15:07:49 UTC] PHP Fatal error:  Uncaught exception 'PDOException' with message 'SQLSTATE[HY000] [1203] User goark_server already has more than 'max_user_connections' active connections' in /home/ubuntu/workspace/api/v2/manager.php:11
Stack trace:
#0 /home/ubuntu/workspace/api/v2/manager.php(11): PDO->__construct('mysql:host=rick...', 'goark_server', 'serverkey2', Array)
#1 {main}
  thrown in /home/ubuntu/workspace/api/v2/manager.php on line 11
[11-Apr-2018 15:07:54 UTC] PHP Fatal error:  Uncaught exception 'PDOException' with message 'SQLSTATE[HY000] [1203] User goark_server already has more than 'max_user_connections' active connections' in /home/ubuntu/workspace/api/v2/manager.php:11
Stack trace:
#0 /home/ubuntu/workspace/api/v2/manager.php(11): PDO->__construct('mysql:host=rick...', 'goark_server', 'serverkey2', Array)
#1 {main}
  thrown in /home/ubuntu/workspace/api/v2/manager.php on line 11
[11-Apr-2018 15:11:27 UTC] PHP Fatal error:  Uncaught exception 'PDOException' with message 'SQLSTATE[HY000] [1203] User goark_server already has more than 'max_user_connections' active connections' in /home/ubuntu/workspace/api/v2/manager.php:11
Stack trace:
#0 /home/ubuntu/workspace/api/v2/manager.php(11): PDO->__construct('mysql:host=rick...', 'goark_server', 'serverkey2', Array)
#1 {main}
  thrown in /home/ubuntu/workspace/api/v2/manager.php on line 11
[11-Apr-2018 15:31:11 UTC] PHP Fatal error:  Maximum function nesting level of '15' reached, aborting! in /home/ubuntu/workspace/api/v2/index.php on line 19
[11-Apr-2018 15:31:11 UTC] PHP Stack trace:
[11-Apr-2018 15:31:11 UTC] PHP   1. {main}() /home/ubuntu/workspace/api/v2/index.php:0
[11-Apr-2018 15:31:11 UTC] PHP   2. connect() /home/ubuntu/workspace/api/v2/index.php:13
[11-Apr-2018 15:31:11 UTC] PHP   3. connect() /home/ubuntu/workspace/api/v2/index.php:43
[11-Apr-2018 15:31:11 UTC] PHP   4. connect() /home/ubuntu/workspace/api/v2/index.php:43
[11-Apr-2018 15:31:11 UTC] PHP   5. connect() /home/ubuntu/workspace/api/v2/index.php:43
[11-Apr-2018 15:31:11 UTC] PHP   6. connect() /home/ubuntu/workspace/api/v2/index.php:43
[11-Apr-2018 15:31:11 UTC] PHP   7. connect() /home/ubuntu/workspace/api/v2/index.php:43
[11-Apr-2018 15:31:11 UTC] PHP   8. connect() /home/ubuntu/workspace/api/v2/index.php:43
[11-Apr-2018 15:31:11 UTC] PHP   9. connect() /home/ubuntu/workspace/api/v2/index.php:43
[11-Apr-2018 15:31:11 UTC] PHP  10. connect() /home/ubuntu/workspace/api/v2/index.php:43
[11-Apr-2018 15:31:11 UTC] PHP  11. connect() /home/ubuntu/workspace/api/v2/index.php:43
[11-Apr-2018 15:31:11 UTC] PHP  12. connect() /home/ubuntu/workspace/api/v2/index.php:43
[11-Apr-2018 15:31:11 UTC] PHP  13. connect() /home/ubuntu/workspace/api/v2/index.php:43
[11-Apr-2018 15:31:11 UTC] PHP  14. connect() /home/ubuntu/workspace/api/v2/index.php:43
[11-Apr-2018 15:31:11 UTC] PHP  15. connect() /home/ubuntu/workspace/api/v2/index.php:43
[11-Apr-2018 15:40:15 UTC] PHP Fatal error:  Maximum function nesting level of '15' reached, aborting! in /home/ubuntu/workspace/api/v2/index.php on line 19
[11-Apr-2018 15:40:15 UTC] PHP Stack trace:
[11-Apr-2018 15:40:15 UTC] PHP   1. {main}() /home/ubuntu/workspace/api/v2/index.php:0
[11-Apr-2018 15:40:15 UTC] PHP   2. connect() /home/ubuntu/workspace/api/v2/index.php:13
[11-Apr-2018 15:40:15 UTC] PHP   3. connect() /home/ubuntu/workspace/api/v2/index.php:43
[11-Apr-2018 15:40:15 UTC] PHP   4. connect() /home/ubuntu/workspace/api/v2/index.php:43
[11-Apr-2018 15:40:15 UTC] PHP   5. connect() /home/ubuntu/workspace/api/v2/index.php:43
[11-Apr-2018 15:40:15 UTC] PHP   6. connect() /home/ubuntu/workspace/api/v2/index.php:43
[11-Apr-2018 15:40:15 UTC] PHP   7. connect() /home/ubuntu/workspace/api/v2/index.php:43
[11-Apr-2018 15:40:15 UTC] PHP   8. connect() /home/ubuntu/workspace/api/v2/index.php:43
[11-Apr-2018 15:40:15 UTC] PHP   9. connect() /home/ubuntu/workspace/api/v2/index.php:43
[11-Apr-2018 15:40:15 UTC] PHP  10. connect() /home/ubuntu/workspace/api/v2/index.php:43
[11-Apr-2018 15:40:15 UTC] PHP  11. connect() /home/ubuntu/workspace/api/v2/index.php:43
[11-Apr-2018 15:40:15 UTC] PHP  12. connect() /home/ubuntu/workspace/api/v2/index.php:43
[11-Apr-2018 15:40:15 UTC] PHP  13. connect() /home/ubuntu/workspace/api/v2/index.php:43
[11-Apr-2018 15:40:15 UTC] PHP  14. connect() /home/ubuntu/workspace/api/v2/index.php:43
[11-Apr-2018 15:40:15 UTC] PHP  15. connect() /home/ubuntu/workspace/api/v2/index.php:43
[11-Apr-2018 15:40:58 UTC] PHP Fatal error:  Maximum function nesting level of '15' reached, aborting! in /home/ubuntu/workspace/api/v2/index.php on line 19
[11-Apr-2018 15:40:58 UTC] PHP Stack trace:
[11-Apr-2018 15:40:58 UTC] PHP   1. {main}() /home/ubuntu/workspace/api/v2/index.php:0
[11-Apr-2018 15:40:58 UTC] PHP   2. connect() /home/ubuntu/workspace/api/v2/index.php:13
[11-Apr-2018 15:40:58 UTC] PHP   3. connect() /home/ubuntu/workspace/api/v2/index.php:43
[11-Apr-2018 15:40:58 UTC] PHP   4. connect() /home/ubuntu/workspace/api/v2/index.php:43
[11-Apr-2018 15:40:58 UTC] PHP   5. connect() /home/ubuntu/workspace/api/v2/index.php:43
[11-Apr-2018 15:40:58 UTC] PHP   6. connect() /home/ubuntu/workspace/api/v2/index.php:43
[11-Apr-2018 15:40:58 UTC] PHP   7. connect() /home/ubuntu/workspace/api/v2/index.php:43
[11-Apr-2018 15:40:58 UTC] PHP   8. connect() /home/ubuntu/workspace/api/v2/index.php:43
[11-Apr-2018 15:40:58 UTC] PHP   9. connect() /home/ubuntu/workspace/api/v2/index.php:43
[11-Apr-2018 15:40:58 UTC] PHP  10. connect() /home/ubuntu/workspace/api/v2/index.php:43
[11-Apr-2018 15:40:58 UTC] PHP  11. connect() /home/ubuntu/workspace/api/v2/index.php:43
[11-Apr-2018 15:40:58 UTC] PHP  12. connect() /home/ubuntu/workspace/api/v2/index.php:43
[11-Apr-2018 15:40:58 UTC] PHP  13. connect() /home/ubuntu/workspace/api/v2/index.php:43
[11-Apr-2018 15:40:58 UTC] PHP  14. connect() /home/ubuntu/workspace/api/v2/index.php:43
[11-Apr-2018 15:40:58 UTC] PHP  15. connect() /home/ubuntu/workspace/api/v2/index.php:43
[11-Apr-2018 15:41:41 UTC] PHP Fatal error:  Maximum function nesting level of '15' reached, aborting! in /home/ubuntu/workspace/api/v2/index.php on line 19
[11-Apr-2018 15:41:41 UTC] PHP Stack trace:
[11-Apr-2018 15:41:41 UTC] PHP   1. {main}() /home/ubuntu/workspace/api/v2/index.php:0
[11-Apr-2018 15:41:41 UTC] PHP   2. connect() /home/ubuntu/workspace/api/v2/index.php:13
[11-Apr-2018 15:41:41 UTC] PHP   3. connect() /home/ubuntu/workspace/api/v2/index.php:43
[11-Apr-2018 15:41:41 UTC] PHP   4. connect() /home/ubuntu/workspace/api/v2/index.php:43
[11-Apr-2018 15:41:41 UTC] PHP   5. connect() /home/ubuntu/workspace/api/v2/index.php:43
[11-Apr-2018 15:41:41 UTC] PHP   6. connect() /home/ubuntu/workspace/api/v2/index.php:43
[11-Apr-2018 15:41:41 UTC] PHP   7. connect() /home/ubuntu/workspace/api/v2/index.php:43
[11-Apr-2018 15:41:41 UTC] PHP   8. connect() /home/ubuntu/workspace/api/v2/index.php:43
[11-Apr-2018 15:41:41 UTC] PHP   9. connect() /home/ubuntu/workspace/api/v2/index.php:43
[11-Apr-2018 15:41:41 UTC] PHP  10. connect() /home/ubuntu/workspace/api/v2/index.php:43
[11-Apr-2018 15:41:41 UTC] PHP  11. connect() /home/ubuntu/workspace/api/v2/index.php:43
[11-Apr-2018 15:41:41 UTC] PHP  12. connect() /home/ubuntu/workspace/api/v2/index.php:43
[11-Apr-2018 15:41:41 UTC] PHP  13. connect() /home/ubuntu/workspace/api/v2/index.php:43
[11-Apr-2018 15:41:41 UTC] PHP  14. connect() /home/ubuntu/workspace/api/v2/index.php:43
[11-Apr-2018 15:41:41 UTC] PHP  15. connect() /home/ubuntu/workspace/api/v2/index.php:43
[11-Apr-2018 15:42:36 UTC] PHP Fatal error:  Maximum function nesting level of '15' reached, aborting! in /home/ubuntu/workspace/api/v2/index.php on line 19
[11-Apr-2018 15:42:36 UTC] PHP Stack trace:
[11-Apr-2018 15:42:36 UTC] PHP   1. {main}() /home/ubuntu/workspace/api/v2/index.php:0
[11-Apr-2018 15:42:36 UTC] PHP   2. connect() /home/ubuntu/workspace/api/v2/index.php:13
[11-Apr-2018 15:42:36 UTC] PHP   3. connect() /home/ubuntu/workspace/api/v2/index.php:43
[11-Apr-2018 15:42:36 UTC] PHP   4. connect() /home/ubuntu/workspace/api/v2/index.php:43
[11-Apr-2018 15:42:36 UTC] PHP   5. connect() /home/ubuntu/workspace/api/v2/index.php:43
[11-Apr-2018 15:42:36 UTC] PHP   6. connect() /home/ubuntu/workspace/api/v2/index.php:43
[11-Apr-2018 15:42:36 UTC] PHP   7. connect() /home/ubuntu/workspace/api/v2/index.php:43
[11-Apr-2018 15:42:36 UTC] PHP   8. connect() /home/ubuntu/workspace/api/v2/index.php:43
[11-Apr-2018 15:42:36 UTC] PHP   9. connect() /home/ubuntu/workspace/api/v2/index.php:43
[11-Apr-2018 15:42:36 UTC] PHP  10. connect() /home/ubuntu/workspace/api/v2/index.php:43
[11-Apr-2018 15:42:36 UTC] PHP  11. connect() /home/ubuntu/workspace/api/v2/index.php:43
[11-Apr-2018 15:42:36 UTC] PHP  12. connect() /home/ubuntu/workspace/api/v2/index.php:43
[11-Apr-2018 15:42:36 UTC] PHP  13. connect() /home/ubuntu/workspace/api/v2/index.php:43
[11-Apr-2018 15:42:36 UTC] PHP  14. connect() /home/ubuntu/workspace/api/v2/index.php:43
[11-Apr-2018 15:42:36 UTC] PHP  15. connect() /home/ubuntu/workspace/api/v2/index.php:43
[11-Apr-2018 15:42:40 UTC] PHP Fatal error:  Maximum function nesting level of '15' reached, aborting! in /home/ubuntu/workspace/api/v2/index.php on line 19
[11-Apr-2018 15:42:40 UTC] PHP Stack trace:
[11-Apr-2018 15:42:40 UTC] PHP   1. {main}() /home/ubuntu/workspace/api/v2/index.php:0
[11-Apr-2018 15:42:40 UTC] PHP   2. connect() /home/ubuntu/workspace/api/v2/index.php:13
[11-Apr-2018 15:42:40 UTC] PHP   3. connect() /home/ubuntu/workspace/api/v2/index.php:43
[11-Apr-2018 15:42:40 UTC] PHP   4. connect() /home/ubuntu/workspace/api/v2/index.php:43
[11-Apr-2018 15:42:40 UTC] PHP   5. connect() /home/ubuntu/workspace/api/v2/index.php:43
[11-Apr-2018 15:42:40 UTC] PHP   6. connect() /home/ubuntu/workspace/api/v2/index.php:43
[11-Apr-2018 15:42:40 UTC] PHP   7. connect() /home/ubuntu/workspace/api/v2/index.php:43
[11-Apr-2018 15:42:40 UTC] PHP   8. connect() /home/ubuntu/workspace/api/v2/index.php:43
[11-Apr-2018 15:42:40 UTC] PHP   9. connect() /home/ubuntu/workspace/api/v2/index.php:43
[11-Apr-2018 15:42:40 UTC] PHP  10. connect() /home/ubuntu/workspace/api/v2/index.php:43
[11-Apr-2018 15:42:40 UTC] PHP  11. connect() /home/ubuntu/workspace/api/v2/index.php:43
[11-Apr-2018 15:42:40 UTC] PHP  12. connect() /home/ubuntu/workspace/api/v2/index.php:43
[11-Apr-2018 15:42:40 UTC] PHP  13. connect() /home/ubuntu/workspace/api/v2/index.php:43
[11-Apr-2018 15:42:40 UTC] PHP  14. connect() /home/ubuntu/workspace/api/v2/index.php:43
[11-Apr-2018 15:42:40 UTC] PHP  15. connect() /home/ubuntu/workspace/api/v2/index.php:43
[11-Apr-2018 15:43:47 UTC] PHP Fatal error:  Maximum function nesting level of '15' reached, aborting! in /home/ubuntu/workspace/api/v2/index.php on line 19
[11-Apr-2018 15:43:47 UTC] PHP Stack trace:
[11-Apr-2018 15:43:47 UTC] PHP   1. {main}() /home/ubuntu/workspace/api/v2/index.php:0
[11-Apr-2018 15:43:47 UTC] PHP   2. connect() /home/ubuntu/workspace/api/v2/index.php:13
[11-Apr-2018 15:43:47 UTC] PHP   3. connect() /home/ubuntu/workspace/api/v2/index.php:43
[11-Apr-2018 15:43:47 UTC] PHP   4. connect() /home/ubuntu/workspace/api/v2/index.php:43
[11-Apr-2018 15:43:47 UTC] PHP   5. connect() /home/ubuntu/workspace/api/v2/index.php:43
[11-Apr-2018 15:43:47 UTC] PHP   6. connect() /home/ubuntu/workspace/api/v2/index.php:43
[11-Apr-2018 15:43:47 UTC] PHP   7. connect() /home/ubuntu/workspace/api/v2/index.php:43
[11-Apr-2018 15:43:47 UTC] PHP   8. connect() /home/ubuntu/workspace/api/v2/index.php:43
[11-Apr-2018 15:43:47 UTC] PHP   9. connect() /home/ubuntu/workspace/api/v2/index.php:43
[11-Apr-2018 15:43:47 UTC] PHP  10. connect() /home/ubuntu/workspace/api/v2/index.php:43
[11-Apr-2018 15:43:47 UTC] PHP  11. connect() /home/ubuntu/workspace/api/v2/index.php:43
[11-Apr-2018 15:43:47 UTC] PHP  12. connect() /home/ubuntu/workspace/api/v2/index.php:43
[11-Apr-2018 15:43:47 UTC] PHP  13. connect() /home/ubuntu/workspace/api/v2/index.php:43
[11-Apr-2018 15:43:47 UTC] PHP  14. connect() /home/ubuntu/workspace/api/v2/index.php:43
[11-Apr-2018 15:43:47 UTC] PHP  15. connect() /home/ubuntu/workspace/api/v2/index.php:43
